-------------------------------------------------------------------------------
Test set: com.convertor.port.adapter.rest.client.request.ExchangeRateServiceImplTest
-------------------------------------------------------------------------------
Tests run: 2, Failures: 0, Errors: 2, Skipped: 0, Time elapsed: 16.868 s <<< FAILURE! - in com.convertor.port.adapter.rest.client.request.ExchangeRateServiceImplTest
testGetRate(com.convertor.port.adapter.rest.client.request.ExchangeRateServiceImplTest)  Time elapsed: 0.003 s  <<< ERROR!
java.lang.Error: 
Unresolved compilation problem: 
	The method iNR(String) in the type Rate.RateBuilder is not applicable for the arguments (double)

	at com.convertor.port.adapter.rest.client.request.ExchangeRateServiceImplTest.setUp(ExchangeRateServiceImplTest.java:59)

testGetRateWhenThrowsExceptions(com.convertor.port.adapter.rest.client.request.ExchangeRateServiceImplTest)  Time elapsed: 0.003 s  <<< ERROR!
java.lang.Error: 
Unresolved compilation problem: 
	The method iNR(String) in the type Rate.RateBuilder is not applicable for the arguments (double)

	at com.convertor.port.adapter.rest.client.request.ExchangeRateServiceImplTest.setUp(ExchangeRateServiceImplTest.java:59)

