<?xml version="1.0" encoding="UTF-8"?>
<testsuite xmlns:xsi="http://www.w3.org/2001/XMLSchema-instance" xsi:noNamespaceSchemaLocation="https://maven.apache.org/surefire/maven-surefire-plugin/xsd/surefire-test-report.xsd" name="com.convertor.port.adapter.rest.endpoint.ConvertorResourceTest" time="16.544" tests="3" errors="0" skipped="0" failures="0">
  <properties>
[...]
</properties>
  <testcase name="testValidateVat" classname="com.convertor.port.adapter.rest.endpoint.ConvertorResourceTest" time="0.024"/>
  <testcase name="testGetTime" classname="com.convertor.port.adapter.rest.endpoint.ConvertorResourceTest" time="0.003"/>
  <testcase name="testConvertCurrencyDouble" classname="com.convertor.port.adapter.rest.endpoint.ConvertorResourceTest" time="0.006"/>
</testsuite>