<?xml version="1.0" encoding="UTF-8"?>
<testsuite xmlns:xsi="http://www.w3.org/2001/XMLSchema-instance" xsi:noNamespaceSchemaLocation="https://maven.apache.org/surefire/maven-surefire-plugin/xsd/surefire-test-report.xsd" name="com.convertor.port.adapter.rest.client.request.ExchangeRateServiceImplTest" time="16.868" tests="2" errors="2" skipped="0" failures="0">
  <properties>
[...]
</properties>
  <testcase name="testGetRate" classname="com.convertor.port.adapter.rest.client.request.ExchangeRateServiceImplTest" time="0.003">
    <error message="Unresolved compilation problem: &#10;	The method iNR(String) in the type Rate.RateBuilder is not applicable for the arguments (double)&#10;" type="java.lang.Error">java.lang.Error: 
Unresolved compilation problem: 
	The method iNR(String) in the type Rate.RateBuilder is not applicable for the arguments (double)

	at com.convertor.port.adapter.rest.client.request.ExchangeRateServiceImplTest.setUp(ExchangeRateServiceImplTest.java:59)
</error>
    <system-out><![CDATA[2019-09-18 04:39:24.711  INFO 16000 --- [           main] .b.t.c.SpringBootTestContextBootstrapper : Neither @ContextConfiguration nor @ContextHierarchy found for test class [com.convertor.port.adapter.rest.client.request.ExchangeRateServiceImplTest], using SpringBootContextLoader
2019-09-18 04:39:24.712  INFO 16000 --- [           main] o.s.t.c.support.AbstractContextLoader    : Could not detect default resource locations for test class [com.convertor.port.adapter.rest.client.request.ExchangeRateServiceImplTest]: no resource found for suffixes {-context.xml, Context.groovy}.
2019-09-18 04:39:24.712  INFO 16000 --- [           main] t.c.s.AnnotationConfigContextLoaderUtils : Could not detect default configuration classes for test class [com.convertor.port.adapter.rest.client.request.ExchangeRateServiceImplTest]: ExchangeRateServiceImplTest does not declare any static, non-private, non-final, nested classes annotated with @Configuration.
2019-09-18 04:39:24.724  INFO 16000 --- [           main] .b.t.c.SpringBootTestContextBootstrapper : Found @SpringBootConfiguration com.convertor.Application for test class com.convertor.port.adapter.rest.client.request.ExchangeRateServiceImplTest
2019-09-18 04:39:24.725  INFO 16000 --- [           main] .b.t.c.SpringBootTestContextBootstrapper : Loaded default TestExecutionListener class names from location [META-INF/spring.factories]: [org.springframework.boot.test.mock.mockito.MockitoTestExecutionListener, org.springframework.boot.test.mock.mockito.ResetMocksTestExecutionListener, org.springframework.boot.test.autoconfigure.restdocs.RestDocsTestExecutionListener, org.springframework.boot.test.autoconfigure.web.client.MockRestServiceServerResetTestExecutionListener, org.springframework.boot.test.autoconfigure.web.servlet.MockMvcPrintOnlyOnFailureTestExecutionListener, org.springframework.boot.test.autoconfigure.web.servlet.WebDriverTestExecutionListener, org.springframework.test.context.web.ServletTestExecutionListener, org.springframework.test.context.support.DirtiesContextBeforeModesTestExecutionListener, org.springframework.test.context.support.DependencyInjectionTestExecutionListener, org.springframework.test.context.support.DirtiesContextTestExecutionListener, org.springframework.test.context.transaction.TransactionalTestExecutionListener, org.springframework.test.context.jdbc.SqlScriptsTestExecutionListener]
2019-09-18 04:39:24.726  INFO 16000 --- [           main] .b.t.c.SpringBootTestContextBootstrapper : Using TestExecutionListeners: [org.springframework.test.context.web.ServletTestExecutionListener@54f9326c, org.springframework.test.context.support.DirtiesContextBeforeModesTestExecutionListener@5016f1a, org.springframework.boot.test.mock.mockito.MockitoTestExecutionListener@33bfe6d3, org.springframework.boot.test.autoconfigure.SpringBootDependencyInjectionTestExecutionListener@56dde9f7, org.springframework.test.context.support.DirtiesContextTestExecutionListener@4b2acb12, org.springframework.boot.test.mock.mockito.ResetMocksTestExecutionListener@455d04d2, org.springframework.boot.test.autoconfigure.restdocs.RestDocsTestExecutionListener@998fbd4, org.springframework.boot.test.autoconfigure.web.client.MockRestServiceServerResetTestExecutionListener@30333941, org.springframework.boot.test.autoconfigure.web.servlet.MockMvcPrintOnlyOnFailureTestExecutionListener@2d5c160e, org.springframework.boot.test.autoconfigure.web.servlet.WebDriverTestExecutionListener@8afce3]

  .   ____          _            __ _ _
 /\\ / ___'_ __ _ _(_)_ __  __ _ \ \ \ \
( ( )\___ | '_ | '_| | '_ \/ _` | \ \ \ \
 \\/  ___)| |_)| | | | | || (_| |  ) ) ) )
  '  |____| .__|_| |_|_| |_\__, | / / / /
 =========|_|==============|___/=/_/_/_/
 :: Spring Boot ::        (v2.0.4.RELEASE)

2019-09-18 04:39:39.764  INFO 16000 --- [           main] .c.p.a.r.c.r.ExchangeRateServiceImplTest : Starting ExchangeRateServiceImplTest on Neels-MacBook-Pro.local with PID 16000 (started by neel in /Users/neel/Downloads/convertor-master)
2019-09-18 04:39:39.765  INFO 16000 --- [           main] .c.p.a.r.c.r.ExchangeRateServiceImplTest : No active profile set, falling back to default profiles: default
2019-09-18 04:39:39.771  INFO 16000 --- [           main] o.s.w.c.s.GenericWebApplicationContext   : Refreshing org.springframework.web.context.support.GenericWebApplicationContext@1bbb48dd: startup date [Wed Sep 18 04:39:39 IST 2019]; root of context hierarchy
2019-09-18 04:39:40.618  INFO 16000 --- [           main] s.w.s.m.m.a.RequestMappingHandlerMapping : Mapped "{[/convertor/validate],methods=[POST],produces=[application/json]}" onto public org.springframework.http.ResponseEntity<java.lang.String> com.convertor.port.adapter.rest.endpoint.ConvertorResource.validateVat(java.lang.Double) throws java.lang.Exception
2019-09-18 04:39:40.618  INFO 16000 --- [           main] s.w.s.m.m.a.RequestMappingHandlerMapping : Mapped "{[/convertor/convert],methods=[GET],produces=[application/json]}" onto public org.springframework.http.ResponseEntity<java.lang.Double> com.convertor.port.adapter.rest.endpoint.ConvertorResource.convertCurrency(java.lang.Double,java.lang.String,java.lang.String) throws java.lang.Exception
2019-09-18 04:39:40.618  INFO 16000 --- [           main] s.w.s.m.m.a.RequestMappingHandlerMapping : Mapped "{[/convertor/currenttime],methods=[GET],produces=[application/text]}" onto public org.springframework.http.ResponseEntity<java.lang.String> com.convertor.port.adapter.rest.endpoint.ConvertorResource.getTime()
2019-09-18 04:39:40.619  INFO 16000 --- [           main] s.w.s.m.m.a.RequestMappingHandlerMapping : Mapped "{[/v2/api-docs],methods=[GET],produces=[application/json || application/hal+json]}" onto public org.springframework.http.ResponseEntity<springfox.documentation.spring.web.json.Json> springfox.documentation.swagger2.web.Swagger2Controller.getDocumentation(java.lang.String,javax.servlet.http.HttpServletRequest)
2019-09-18 04:39:40.620  INFO 16000 --- [           main] s.w.s.m.m.a.RequestMappingHandlerMapping : Mapped "{[/swagger-resources/configuration/ui]}" onto org.springframework.http.ResponseEntity<springfox.documentation.swagger.web.UiConfiguration> springfox.documentation.swagger.web.ApiResourceController.uiConfiguration()
2019-09-18 04:39:40.620  INFO 16000 --- [           main] s.w.s.m.m.a.RequestMappingHandlerMapping : Mapped "{[/swagger-resources/configuration/security]}" onto org.springframework.http.ResponseEntity<springfox.documentation.swagger.web.SecurityConfiguration> springfox.documentation.swagger.web.ApiResourceController.securityConfiguration()
2019-09-18 04:39:40.621  INFO 16000 --- [           main] s.w.s.m.m.a.RequestMappingHandlerMapping : Mapped "{[/swagger-resources]}" onto org.springframework.http.ResponseEntity<java.util.List<springfox.documentation.swagger.web.SwaggerResource>> springfox.documentation.swagger.web.ApiResourceController.swaggerResources()
2019-09-18 04:39:40.622  INFO 16000 --- [           main] s.w.s.m.m.a.RequestMappingHandlerMapping : Mapped "{[/error]}" onto public org.springframework.http.ResponseEntity<java.util.Map<java.lang.String, java.lang.Object>> org.springframework.boot.autoconfigure.web.servlet.error.BasicErrorController.error(javax.servlet.http.HttpServletRequest)
2019-09-18 04:39:40.622  INFO 16000 --- [           main] s.w.s.m.m.a.RequestMappingHandlerMapping : Mapped "{[/error],produces=[text/html]}" onto public org.springframework.web.servlet.ModelAndView org.springframework.boot.autoconfigure.web.servlet.error.BasicErrorController.errorHtml(javax.servlet.http.HttpServletRequest,javax.servlet.http.HttpServletResponse)
2019-09-18 04:39:40.922  INFO 16000 --- [           main] o.s.b.a.e.web.EndpointLinksResolver      : Exposing 2 endpoint(s) beneath base path '/actuator'
2019-09-18 04:39:40.930  INFO 16000 --- [           main] s.b.a.e.w.s.WebMvcEndpointHandlerMapping : Mapped "{[/actuator/health],methods=[GET],produces=[application/vnd.spring-boot.actuator.v2+json || application/json]}" onto public java.lang.Object org.springframework.boot.actuate.endpoint.web.servlet.AbstractWebMvcEndpointHandlerMapping$OperationHandler.handle(javax.servlet.http.HttpServletRequest,java.util.Map<java.lang.String, java.lang.String>)
2019-09-18 04:39:40.931  INFO 16000 --- [           main] s.b.a.e.w.s.WebMvcEndpointHandlerMapping : Mapped "{[/actuator/info],methods=[GET],produces=[application/vnd.spring-boot.actuator.v2+json || application/json]}" onto public java.lang.Object org.springframework.boot.actuate.endpoint.web.servlet.AbstractWebMvcEndpointHandlerMapping$OperationHandler.handle(javax.servlet.http.HttpServletRequest,java.util.Map<java.lang.String, java.lang.String>)
2019-09-18 04:39:40.931  INFO 16000 --- [           main] s.b.a.e.w.s.WebMvcEndpointHandlerMapping : Mapped "{[/actuator],methods=[GET],produces=[application/vnd.spring-boot.actuator.v2+json || application/json]}" onto protected java.util.Map<java.lang.String, java.util.Map<java.lang.String, org.springframework.boot.actuate.endpoint.web.Link>> org.springframework.boot.actuate.endpoint.web.servlet.WebMvcEndpointHandlerMapping.links(javax.servlet.http.HttpServletRequest,javax.servlet.http.HttpServletResponse)
2019-09-18 04:39:41.139  INFO 16000 --- [           main] o.s.w.s.handler.SimpleUrlHandlerMapping  : Mapped URL path [/**/favicon.ico] onto handler of type [class org.springframework.web.servlet.resource.ResourceHttpRequestHandler]
2019-09-18 04:39:41.224  INFO 16000 --- [           main] s.w.s.m.m.a.RequestMappingHandlerAdapter : Looking for @ControllerAdvice: org.springframework.web.context.support.GenericWebApplicationContext@1bbb48dd: startup date [Wed Sep 18 04:39:39 IST 2019]; root of context hierarchy
2019-09-18 04:39:41.248  INFO 16000 --- [           main] o.s.w.s.handler.SimpleUrlHandlerMapping  : Mapped URL path [/webjars/**] onto handler of type [class org.springframework.web.servlet.resource.ResourceHttpRequestHandler]
2019-09-18 04:39:41.248  INFO 16000 --- [           main] o.s.w.s.handler.SimpleUrlHandlerMapping  : Mapped URL path [/**] onto handler of type [class org.springframework.web.servlet.resource.ResourceHttpRequestHandler]
2019-09-18 04:39:41.535  INFO 16000 --- [           main] o.s.c.support.DefaultLifecycleProcessor  : Starting beans in phase 2147483647
2019-09-18 04:39:41.536  INFO 16000 --- [           main] d.s.w.p.DocumentationPluginsBootstrapper : Context refreshed
2019-09-18 04:39:41.537  INFO 16000 --- [           main] d.s.w.p.DocumentationPluginsBootstrapper : Found 1 custom documentation plugin(s)
2019-09-18 04:39:41.539  INFO 16000 --- [           main] s.d.s.w.s.ApiListingReferenceScanner     : Scanning for api listing references
2019-09-18 04:39:41.565  INFO 16000 --- [           main] .c.p.a.r.c.r.ExchangeRateServiceImplTest : Started ExchangeRateServiceImplTest in 16.837 seconds (JVM running for 71.737)
]]></system-out>
  </testcase>
  <testcase name="testGetRateWhenThrowsExceptions" classname="com.convertor.port.adapter.rest.client.request.ExchangeRateServiceImplTest" time="0.003">
    <error message="Unresolved compilation problem: &#10;	The method iNR(String) in the type Rate.RateBuilder is not applicable for the arguments (double)&#10;" type="java.lang.Error">java.lang.Error: 
Unresolved compilation problem: 
	The method iNR(String) in the type Rate.RateBuilder is not applicable for the arguments (double)

	at com.convertor.port.adapter.rest.client.request.ExchangeRateServiceImplTest.setUp(ExchangeRateServiceImplTest.java:59)
</error>
  </testcase>
</testsuite>